# JRE version: OpenJDK Runtime Environment (11.0.8+10) (build 11.0.8+10-b944.6842174)
# Java VM: OpenJDK 64-Bit Server VM (11.0.8+10-b944.6842174, mixed mode, tiered, compressed oops, g1 gc, windows-amd64)
Heap:
 garbage-first heap   total 63488K, used 21275K [0x00000000c2400000, 0x0000000100000000)
  region size 1024K, 7 young (7168K), 2 survivors (2048K)
 Metaspace       used 27636K, capacity 28046K, committed 28412K, reserved 1075200K
  class space    used 3054K, capacity 3209K, committed 3328K, reserved 1048576K
GC Heap History (8 events):
Event: 1.522 GC heap before
{Heap before GC invocations=0 (full 0):
 garbage-first heap   total 63488K, used 27648K [0x00000000c2400000, 0x0000000100000000)
  region size 1024K, 24 young (24576K), 0 survivors (0K)
 Metaspace       used 12349K, capacity 12469K, committed 12800K, reserved 1060864K
  class space    used 1158K, capacity 1174K, committed 1280K, reserved 1048576K
}
Event: 1.533 GC heap after
{Heap after GC invocations=1 (full 0):
 garbage-first heap   total 63488K, used 5698K [0x00000000c2400000, 0x0000000100000000)
  region size 1024K, 3 young (3072K), 3 survivors (3072K)
 Metaspace       used 12349K, capacity 12469K, committed 12800K, reserved 1060864K
  class space    used 1158K, capacity 1174K, committed 1280K, reserved 1048576K
}
Event: 3.183 GC heap before
{Heap before GC invocations=1 (full 0):
 garbage-first heap   total 63488K, used 40514K [0x00000000c2400000, 0x0000000100000000)
  region size 1024K, 37 young (37888K), 3 survivors (3072K)
 Metaspace       used 20704K, capacity 20895K, committed 20992K, reserved 1069056K
  class space    used 2186K, capacity 2282K, committed 2304K, reserved 1048576K
}
Event: 3.206 GC heap after
{Heap after GC invocations=2 (full 0):
 garbage-first heap   total 63488K, used 9147K [0x00000000c2400000, 0x0000000100000000)
  region size 1024K, 5 young (5120K), 5 survivors (5120K)
 Metaspace       used 20704K, capacity 20895K, committed 20992K, reserved 1069056K
  class space    used 2186K, capacity 2282K, committed 2304K, reserved 1048576K
}
Event: 3.244 GC heap before
{Heap before GC invocations=2 (full 0):
 garbage-first heap   total 63488K, used 9147K [0x00000000c2400000, 0x0000000100000000)
  region size 1024K, 6 young (6144K), 5 survivors (5120K)
 Metaspace       used 21024K, capacity 21220K, committed 21248K, reserved 1069056K
  class space    used 2218K, capacity 2284K, committed 2304K, reserved 1048576K
}
Event: 3.263 GC heap after
{Heap after GC invocations=3 (full 0):
 garbage-first heap   total 63488K, used 10088K [0x00000000c2400000, 0x0000000100000000)
  region size 1024K, 1 young (1024K), 1 survivors (1024K)
 Metaspace       used 21024K, capacity 21220K, committed 21248K, reserved 1069056K
  class space    used 2218K, capacity 2284K, committed 2304K, reserved 1048576K
}
Event: 4.057 GC heap before
{Heap before GC invocations=4 (full 0):
 garbage-first heap   total 63488K, used 36712K [0x00000000c2400000, 0x0000000100000000)
  region size 1024K, 21 young (21504K), 1 survivors (1024K)
 Metaspace       used 26052K, capacity 26430K, committed 26492K, reserved 1073152K
  class space    used 2766K, capacity 2904K, committed 2944K, reserved 1048576K
}
Event: 4.065 GC heap after
{Heap after GC invocations=5 (full 0):
 garbage-first heap   total 63488K, used 17179K [0x00000000c2400000, 0x0000000100000000)
  region size 1024K, 2 young (2048K), 2 survivors (2048K)
 Metaspace       used 26052K, capacity 26430K, committed 26492K, reserved 1073152K
  class space    used 2766K, capacity 2904K, committed 2944K, reserved 1048576K
}

